Using pre-set license
Built from '2020.3/staging' branch; Version is '2020.3.20f1 (41c4e627c95f) revision 4310246'; Using compiler version '192528614'; Build Type 'Release'
OS: 'Windows 10 Home; OS build 19042.1586; Version 2009; 64bit' Language: 'tr' Physical Memory: 8000 MB
BatchMode: 1, IsHumanControllingUs: 0, StartBugReporterOnCrash: 0, Is64bit: 1, IsPro: 0

COMMAND LINE ARGUMENTS:
C:\Program Files\Unity\Hub\Editor\2020.3.20f1\Editor\Unity.exe
-adb2
-batchMode
-noUpm
-name
AssetImportWorker0
-projectPath
C:/Users/TUANA/Desktop/BİLGİ/GAME 106/Unity/ject1
-logFile
Logs/AssetImportWorker0.log
-srvPort
54896
Successfully changed project path to: C:/Users/TUANA/Desktop/BİLGİ/GAME 106/Unity/ject1
C:/Users/TUANA/Desktop/BİLGİ/GAME 106/Unity/ject1
Using Asset Import Pipeline V2.
Refreshing native plugins compatible for Editor in 58.08 ms, found 2 plugins.
Preloading 0 native plugins for Editor in 0.00 ms.
Initialize engine version: 2020.3.20f1 (41c4e627c95f)
[Subsystems] Discovering subsystems at path C:/Program Files/Unity/Hub/Editor/2020.3.20f1/Editor/Data/Resources/UnitySubsystems
[Subsystems] Discovering subsystems at path C:/Users/TUANA/Desktop/BİLGİ/GAME 106/Unity/ject1/Assets
GfxDevice: creating device client; threaded=0
Direct3D:
    Version:  Direct3D 11.0 [level 11.1]
    Renderer: NVIDIA GeForce GTX 1650 (ID=0x1f91)
    Vendor:   
    VRAM:     3962 MB
    Driver:   27.21.14.5763
Initialize mono
Mono path[0] = 'C:/Program Files/Unity/Hub/Editor/2020.3.20f1/Editor/Data/Managed'
Mono path[1] = 'C:/Program Files/Unity/Hub/Editor/2020.3.20f1/Editor/Data/MonoBleedingEdge/lib/mono/unityjit'
Mono config path = 'C:/Program Files/Unity/Hub/Editor/2020.3.20f1/Editor/Data/MonoBleedingEdge/etc'
Using monoOptions --debugger-agent=transport=dt_socket,embedding=1,server=y,suspend=n,address=127.0.0.1:56904
Begin MonoManager ReloadAssembly
Registering precompiled unity dll's ...
Register platform support module: C:/Program Files/Unity/Hub/Editor/2020.3.20f1/Editor/Data/PlaybackEngines/WebGLSupport/UnityEditor.WebGL.Extensions.dll
Register platform support module: C:/Program Files/Unity/Hub/Editor/2020.3.20f1/Editor/Data/PlaybackEngines/WindowsStandaloneSupport/UnityEditor.WindowsStandalone.Extensions.dll
Registered in 0.003733 seconds.
Native extension for WindowsStandalone target not found
Native extension for WebGL target not found
Refreshing native plugins compatible for Editor in 61.36 ms, found 2 plugins.
Preloading 0 native plugins for Editor in 0.00 ms.
Mono: successfully reloaded assembly
- Completed reload, in  2.638 seconds
Domain Reload Profiling:
	ReloadAssembly (2639ms)
		BeginReloadAssembly (84ms)
			ExecutionOrderSort (0ms)
			DisableScriptedObjects (0ms)
			BackupInstance (0ms)
			ReleaseScriptingObjects (0ms)
			CreateAndSetChildDomain (1ms)
		EndReloadAssembly (746ms)
			LoadAssemblies (82ms)
			RebuildTransferFunctionScriptingTraits (0ms)
			SetupTypeCache (233ms)
			ReleaseScriptCaches (0ms)
			RebuildScriptCaches (46ms)
			SetupLoadedEditorAssemblies (266ms)
				LogAssemblyErrors (0ms)
				InitializePlatformSupportModulesInManaged (7ms)
				SetLoadedEditorAssemblies (0ms)
				RefreshPlugins (62ms)
				BeforeProcessingInitializeOnLoad (23ms)
				ProcessInitializeOnLoadAttributes (130ms)
				ProcessInitializeOnLoadMethodAttributes (43ms)
				AfterProcessingInitializeOnLoad (0ms)
				EditorAssembliesLoaded (0ms)
			ExecutionOrderSort2 (0ms)
			AwakeInstancesAfterBackupRestoration (0ms)
Platform modules already initialized, skipping
Registering precompiled user dll's ...
Registered in 0.009186 seconds.
Begin MonoManager ReloadAssembly
Native extension for WindowsStandalone target not found
Native extension for WebGL target not found
Refreshing native plugins compatible for Editor in 0.50 ms, found 2 plugins.
Preloading 0 native plugins for Editor in 0.00 ms.
[ScriptCompilation] NOT recompiling all scripts because this is an import worker process. Reason to compile was: Define symbols changed
Mono: successfully reloaded assembly
- Completed reload, in  1.618 seconds
Domain Reload Profiling:
	ReloadAssembly (1620ms)
		BeginReloadAssembly (228ms)
			ExecutionOrderSort (0ms)
			DisableScriptedObjects (7ms)
			BackupInstance (0ms)
			ReleaseScriptingObjects (0ms)
			CreateAndSetChildDomain (28ms)
		EndReloadAssembly (1288ms)
			LoadAssemblies (149ms)
			RebuildTransferFunctionScriptingTraits (0ms)
			SetupTypeCache (424ms)
			ReleaseScriptCaches (0ms)
			RebuildScriptCaches (63ms)
			SetupLoadedEditorAssemblies (520ms)
				LogAssemblyErrors (0ms)
				InitializePlatformSupportModulesInManaged (11ms)
				SetLoadedEditorAssemblies (1ms)
				RefreshPlugins (1ms)
				BeforeProcessingInitializeOnLoad (120ms)
				ProcessInitializeOnLoadAttributes (369ms)
				ProcessInitializeOnLoadMethodAttributes (7ms)
				AfterProcessingInitializeOnLoad (12ms)
				EditorAssembliesLoaded (1ms)
			ExecutionOrderSort2 (0ms)
			AwakeInstancesAfterBackupRestoration (12ms)
Platform modules already initialized, skipping
========================================================================
Worker process is ready to serve import requests
Launched and connected shader compiler UnityShaderCompiler.exe after 0.13 seconds
Refreshing native plugins compatible for Editor in 1.09 ms, found 2 plugins.
Preloading 0 native plugins for Editor in 0.00 ms.
Unloading 1652 Unused Serialized files (Serialized files now loaded: 0)
System memory in use before: 87.0 MB.
System memory in use after: 86.7 MB.

Unloading 18 unused Assets to reduce memory usage. Loaded Objects now: 2093.
Total: 8.068200 ms (FindLiveObjects: 1.114800 ms CreateObjectMapping: 0.410300 ms MarkObjects: 5.723300 ms  DeleteObjects: 0.815200 ms)

AssetImportParameters requested are different than current active one (requested -> active):
  custom:framework-win-MediaFoundation: 216162199b28c13a410421893ffa2e32 -> 
  custom:video-decoder-ogg-theora: a1e56fd34408186e4bbccfd4996cb3dc -> 
  custom:container-muxer-webm: aa71ff27fc2769a1b78a27578f13a17b -> 
  custom:container-demuxer-webm: 4f35f7cbe854078d1ac9338744f61a02 -> 
  custom:container-demuxer-ogg: 62fdf1f143b41e24485cea50d1cbac27 -> 
  custom:video-encoder-webm-vp8: eb34c28f22e8b96e1ab97ce403110664 -> 
  custom:video-decoder-webm-vp8: 9c59270c3fd7afecdb556c50c9e8de78 -> 
  custom:audio-decoder-ogg-vorbis: bf7c407c2cedff20999df2af8eb42d56 -> 
  custom:audio-encoder-webm-vorbis: bf7c407c2cedff20999df2af8eb42d56 -> 
========================================================================
Received Import Request.
  path: Packages/com.unity.postprocessing/package.json
  artifactKey: Guid(2705889b3a9580a47b334f039bfdcb00) Importer(815301076,1909f56bfc062723c751e8b465ee728b)
Start importing Packages/com.unity.postprocessing/package.json using Guid(2705889b3a9580a47b334f039bfdcb00) Importer(815301076,1909f56bfc062723c751e8b465ee728b)  -> (artifact id: 'd59e2eb80c4544405006d5d6142d5efa') in 0.244076 seconds 
  Import took 0.250946 seconds .

========================================================================
Received Import Request.
  Time since last request: 24.787406 seconds.
  path: Packages/com.unity.postprocessing/PostProcessing/Runtime/Unity.Postprocessing.Runtime.asmdef
  artifactKey: Guid(d60799ab2a985554ea1a39cd38695018) Importer(815301076,1909f56bfc062723c751e8b465ee728b)
Start importing Packages/com.unity.postprocessing/PostProcessing/Runtime/Unity.Postprocessing.Runtime.asmdef using Guid(d60799ab2a985554ea1a39cd38695018) Importer(815301076,1909f56bfc062723c751e8b465ee728b)  -> (artifact id: '2bfc32becba0bf9357b421912d07b0ec') in 0.019504 seconds 
  Import took 0.023265 seconds .

========================================================================
Received Import Request.
  Time since last request: 30.831513 seconds.
  path: ProjectSettings/TagManager.asset
  artifactKey: Guid(00000000000000003000000000000000) Importer(815301076,1909f56bfc062723c751e8b465ee728b)
Start importing ProjectSettings/TagManager.asset using Guid(00000000000000003000000000000000) Importer(815301076,1909f56bfc062723c751e8b465ee728b)  -> (artifact id: 'ce6a35c3cddc746e7501c0bd0ed6d4ce') in 0.021184 seconds 
  Import took 0.025486 seconds .

========================================================================
Received Import Request.
  Time since last request: 116.546462 seconds.
  path: Packages/com.unity.postprocessing/PostProcessing/Runtime/PostProcessDebug.cs
  artifactKey: Guid(c520d478f3d2445429bd7ac9c92b03a3) Importer(815301076,1909f56bfc062723c751e8b465ee728b)
Start importing Packages/com.unity.postprocessing/PostProcessing/Runtime/PostProcessDebug.cs using Guid(c520d478f3d2445429bd7ac9c92b03a3) Importer(815301076,1909f56bfc062723c751e8b465ee728b)  -> (artifact id: '9b49fd974cb6dc86c458b7a560063b82') in 0.021147 seconds 
  Import took 0.025263 seconds .

========================================================================
Received Import Request.
  Time since last request: 2.024019 seconds.
  path: Packages/com.unity.postprocessing/PostProcessing/Runtime/PostProcessLayer.cs
  artifactKey: Guid(948f4100a11a5c24981795d21301da5c) Importer(815301076,1909f56bfc062723c751e8b465ee728b)
Start importing Packages/com.unity.postprocessing/PostProcessing/Runtime/PostProcessLayer.cs using Guid(948f4100a11a5c24981795d21301da5c) Importer(815301076,1909f56bfc062723c751e8b465ee728b)  -> (artifact id: '3b6bb67715004572e73a2b146793cf50') in 0.015299 seconds 
  Import took 0.019369 seconds .

========================================================================
Received Import Request.
  Time since last request: 3.263139 seconds.
  path: Packages/com.unity.postprocessing/PostProcessing/Runtime/PostProcessProfile.cs
  artifactKey: Guid(8e6292b2c06870d4495f009f912b9600) Importer(815301076,1909f56bfc062723c751e8b465ee728b)
Start importing Packages/com.unity.postprocessing/PostProcessing/Runtime/PostProcessProfile.cs using Guid(8e6292b2c06870d4495f009f912b9600) Importer(815301076,1909f56bfc062723c751e8b465ee728b)  -> (artifact id: '1d0da9572d6b98ad6f5bb7e51747910e') in 0.019588 seconds 
  Import took 0.024132 seconds .

========================================================================
Received Import Request.
  Time since last request: 1.452989 seconds.
  path: Packages/com.unity.postprocessing/PostProcessing/Runtime/PostProcessVolume.cs
  artifactKey: Guid(8b9a305e18de0c04dbd257a21cd47087) Importer(815301076,1909f56bfc062723c751e8b465ee728b)
Start importing Packages/com.unity.postprocessing/PostProcessing/Runtime/PostProcessVolume.cs using Guid(8b9a305e18de0c04dbd257a21cd47087) Importer(815301076,1909f56bfc062723c751e8b465ee728b)  -> (artifact id: 'b9571c8dd95c938ab17b0112f225a4f7') in 0.016354 seconds 
  Import took 0.020323 seconds .

========================================================================
Received Import Request.
  Time since last request: 97.348700 seconds.
  path: Assets/Scenes/FPSGame_Profiles/FirstPersonCharacter Profile.asset
  artifactKey: Guid(2a5b4ed280e635f40869ce31adf06223) Importer(815301076,1909f56bfc062723c751e8b465ee728b)
Start importing Assets/Scenes/FPSGame_Profiles/FirstPersonCharacter Profile.asset using Guid(2a5b4ed280e635f40869ce31adf06223) Importer(815301076,1909f56bfc062723c751e8b465ee728b)  -> (artifact id: '9bc89e6d47625d736ecf9d870beead81') in 0.017530 seconds 
  Import took 0.021108 seconds .

========================================================================
Received Import Request.
  Time since last request: 75.366435 seconds.
  path: Assets/Scenes/FPSGame_Profiles/FirstPersonCharacter Profile.asset
  artifactKey: Guid(2a5b4ed280e635f40869ce31adf06223) Importer(815301076,1909f56bfc062723c751e8b465ee728b)
Start importing Assets/Scenes/FPSGame_Profiles/FirstPersonCharacter Profile.asset using Guid(2a5b4ed280e635f40869ce31adf06223) Importer(815301076,1909f56bfc062723c751e8b465ee728b)  -> (artifact id: '07b4c1e87d3906893c93a629ed13a699') in 0.018819 seconds 
  Import took 0.022761 seconds .

========================================================================
Received Import Request.
  Time since last request: 91.768859 seconds.
  path: Assets/Scenes/FPSGame_Profiles/FirstPersonCharacter Profile.asset
  artifactKey: Guid(2a5b4ed280e635f40869ce31adf06223) Importer(815301076,1909f56bfc062723c751e8b465ee728b)
Start importing Assets/Scenes/FPSGame_Profiles/FirstPersonCharacter Profile.asset using Guid(2a5b4ed280e635f40869ce31adf06223) Importer(815301076,1909f56bfc062723c751e8b465ee728b)  -> (artifact id: '191bb585a923a28b9456f68f1e50758a') in 0.011668 seconds 
  Import took 0.016382 seconds .

========================================================================
Received Prepare
Registering precompiled user dll's ...
Registered in 0.004824 seconds.
Begin MonoManager ReloadAssembly
Native extension for WindowsStandalone target not found
Native extension for WebGL target not found
Refreshing native plugins compatible for Editor in 0.60 ms, found 2 plugins.
Preloading 0 native plugins for Editor in 0.00 ms.
Mono: successfully reloaded assembly
- Completed reload, in  1.306 seconds
Domain Reload Profiling:
	ReloadAssembly (1307ms)
		BeginReloadAssembly (145ms)
			ExecutionOrderSort (0ms)
			DisableScriptedObjects (6ms)
			BackupInstance (0ms)
			ReleaseScriptingObjects (0ms)
			CreateAndSetChildDomain (40ms)
		EndReloadAssembly (1071ms)
			LoadAssemblies (113ms)
			RebuildTransferFunctionScriptingTraits (0ms)
			SetupTypeCache (373ms)
			ReleaseScriptCaches (1ms)
			RebuildScriptCaches (53ms)
			SetupLoadedEditorAssemblies (407ms)
				LogAssemblyErrors (0ms)
				InitializePlatformSupportModulesInManaged (9ms)
				SetLoadedEditorAssemblies (1ms)
				RefreshPlugins (1ms)
				BeforeProcessingInitializeOnLoad (96ms)
				ProcessInitializeOnLoadAttributes (285ms)
				ProcessInitializeOnLoadMethodAttributes (5ms)
				AfterProcessingInitializeOnLoad (11ms)
				EditorAssembliesLoaded (0ms)
			ExecutionOrderSort2 (0ms)
			AwakeInstancesAfterBackupRestoration (10ms)
Platform modules already initialized, skipping
Refreshing native plugins compatible for Editor in 0.76 ms, found 2 plugins.
Preloading 0 native plugins for Editor in 0.00 ms.
Unloading 1600 Unused Serialized files (Serialized files now loaded: 0)
System memory in use before: 82.3 MB.
System memory in use after: 82.0 MB.

Unloading 14 unused Assets to reduce memory usage. Loaded Objects now: 2095.
Total: 4.387700 ms (FindLiveObjects: 0.280500 ms CreateObjectMapping: 0.059800 ms MarkObjects: 3.591200 ms  DeleteObjects: 0.454800 ms)

AssetImportParameters requested are different than current active one (requested -> active):
  custom:framework-win-MediaFoundation: 216162199b28c13a410421893ffa2e32 -> 
  custom:video-decoder-ogg-theora: a1e56fd34408186e4bbccfd4996cb3dc -> 
  custom:container-muxer-webm: aa71ff27fc2769a1b78a27578f13a17b -> 
  custom:container-demuxer-webm: 4f35f7cbe854078d1ac9338744f61a02 -> 
  custom:container-demuxer-ogg: 62fdf1f143b41e24485cea50d1cbac27 -> 
  custom:video-encoder-webm-vp8: eb34c28f22e8b96e1ab97ce403110664 -> 
  custom:video-decoder-webm-vp8: 9c59270c3fd7afecdb556c50c9e8de78 -> 
  custom:audio-decoder-ogg-vorbis: bf7c407c2cedff20999df2af8eb42d56 -> 
  custom:audio-encoder-webm-vorbis: bf7c407c2cedff20999df2af8eb42d56 -> 
========================================================================
Received Import Request.
  Time since last request: 188.657417 seconds.
  path: Assets/Scenes/FPSGame_Profiles/FirstPersonCharacter Profile.asset
  artifactKey: Guid(2a5b4ed280e635f40869ce31adf06223) Importer(815301076,1909f56bfc062723c751e8b465ee728b)
Start importing Assets/Scenes/FPSGame_Profiles/FirstPersonCharacter Profile.asset using Guid(2a5b4ed280e635f40869ce31adf06223) Importer(815301076,1909f56bfc062723c751e8b465ee728b)  -> (artifact id: 'd311f666d0672b1d541fa543d5203ca6') in 0.063880 seconds 
  Import took 0.068575 seconds .

========================================================================
Received Import Request.
  Time since last request: 177.261573 seconds.
  path: Assets/Scenes/FPSGame_Profiles/FirstPersonCharacter Profile.asset
  artifactKey: Guid(2a5b4ed280e635f40869ce31adf06223) Importer(815301076,1909f56bfc062723c751e8b465ee728b)
Start importing Assets/Scenes/FPSGame_Profiles/FirstPersonCharacter Profile.asset using Guid(2a5b4ed280e635f40869ce31adf06223) Importer(815301076,1909f56bfc062723c751e8b465ee728b)  -> (artifact id: 'b808b3c70f7137d5b18773c453471a11') in 0.012434 seconds 
  Import took 0.016716 seconds .

========================================================================
Received Import Request.
  Time since last request: 52.152837 seconds.
  path: Assets/Scenes/FPSGame_Profiles/FirstPersonCharacter Profile.asset
  artifactKey: Guid(2a5b4ed280e635f40869ce31adf06223) Importer(815301076,1909f56bfc062723c751e8b465ee728b)
Start importing Assets/Scenes/FPSGame_Profiles/FirstPersonCharacter Profile.asset using Guid(2a5b4ed280e635f40869ce31adf06223) Importer(815301076,1909f56bfc062723c751e8b465ee728b)  -> (artifact id: '3ba455bfb52536d385dff73df7646171') in 0.009928 seconds 
  Import took 0.015153 seconds .

========================================================================
Received Prepare
Registering precompiled user dll's ...
Registered in 0.004354 seconds.
Begin MonoManager ReloadAssembly
Native extension for WindowsStandalone target not found
Native extension for WebGL target not found
Refreshing native plugins compatible for Editor in 0.51 ms, found 2 plugins.
Preloading 0 native plugins for Editor in 0.00 ms.
Mono: successfully reloaded assembly
- Completed reload, in  1.329 seconds
Domain Reload Profiling:
	ReloadAssembly (1330ms)
		BeginReloadAssembly (143ms)
			ExecutionOrderSort (0ms)
			DisableScriptedObjects (6ms)
			BackupInstance (0ms)
			ReleaseScriptingObjects (0ms)
			CreateAndSetChildDomain (43ms)
		EndReloadAssembly (1104ms)
			LoadAssemblies (127ms)
			RebuildTransferFunctionScriptingTraits (0ms)
			SetupTypeCache (372ms)
			ReleaseScriptCaches (1ms)
			RebuildScriptCaches (50ms)
			SetupLoadedEditorAssemblies (430ms)
				LogAssemblyErrors (0ms)
				InitializePlatformSupportModulesInManaged (8ms)
				SetLoadedEditorAssemblies (1ms)
				RefreshPlugins (1ms)
				BeforeProcessingInitializeOnLoad (99ms)
				ProcessInitializeOnLoadAttributes (304ms)
				ProcessInitializeOnLoadMethodAttributes (6ms)
				AfterProcessingInitializeOnLoad (11ms)
				EditorAssembliesLoaded (0ms)
			ExecutionOrderSort2 (0ms)
			AwakeInstancesAfterBackupRestoration (11ms)
Platform modules already initialized, skipping
Refreshing native plugins compatible for Editor in 0.52 ms, found 2 plugins.
Preloading 0 native plugins for Editor in 0.00 ms.
Unloading 1600 Unused Serialized files (Serialized files now loaded: 0)
System memory in use before: 82.3 MB.
System memory in use after: 82.0 MB.

Unloading 13 unused Assets to reduce memory usage. Loaded Objects now: 2097.
Total: 4.161000 ms (FindLiveObjects: 0.213300 ms CreateObjectMapping: 0.051300 ms MarkObjects: 3.433700 ms  DeleteObjects: 0.460800 ms)

AssetImportParameters requested are different than current active one (requested -> active):
  custom:framework-win-MediaFoundation: 216162199b28c13a410421893ffa2e32 -> 
  custom:video-decoder-ogg-theora: a1e56fd34408186e4bbccfd4996cb3dc -> 
  custom:container-muxer-webm: aa71ff27fc2769a1b78a27578f13a17b -> 
  custom:container-demuxer-webm: 4f35f7cbe854078d1ac9338744f61a02 -> 
  custom:container-demuxer-ogg: 62fdf1f143b41e24485cea50d1cbac27 -> 
  custom:video-encoder-webm-vp8: eb34c28f22e8b96e1ab97ce403110664 -> 
  custom:video-decoder-webm-vp8: 9c59270c3fd7afecdb556c50c9e8de78 -> 
  custom:audio-decoder-ogg-vorbis: bf7c407c2cedff20999df2af8eb42d56 -> 
  custom:audio-encoder-webm-vorbis: bf7c407c2cedff20999df2af8eb42d56 -> 
========================================================================
Received Prepare
Registering precompiled user dll's ...
Registered in 0.004672 seconds.
Begin MonoManager ReloadAssembly
Native extension for WindowsStandalone target not found
Native extension for WebGL target not found
Refreshing native plugins compatible for Editor in 0.49 ms, found 2 plugins.
Preloading 0 native plugins for Editor in 0.00 ms.
Mono: successfully reloaded assembly
- Completed reload, in  1.267 seconds
Domain Reload Profiling:
	ReloadAssembly (1267ms)
		BeginReloadAssembly (156ms)
			ExecutionOrderSort (0ms)
			DisableScriptedObjects (6ms)
			BackupInstance (0ms)
			ReleaseScriptingObjects (0ms)
			CreateAndSetChildDomain (49ms)
		EndReloadAssembly (1023ms)
			LoadAssemblies (125ms)
			RebuildTransferFunctionScriptingTraits (0ms)
			SetupTypeCache (358ms)
			ReleaseScriptCaches (1ms)
			RebuildScriptCaches (45ms)
			SetupLoadedEditorAssemblies (372ms)
				LogAssemblyErrors (0ms)
				InitializePlatformSupportModulesInManaged (8ms)
				SetLoadedEditorAssemblies (1ms)
				RefreshPlugins (1ms)
				BeforeProcessingInitializeOnLoad (95ms)
				ProcessInitializeOnLoadAttributes (253ms)
				ProcessInitializeOnLoadMethodAttributes (4ms)
				AfterProcessingInitializeOnLoad (11ms)
				EditorAssembliesLoaded (0ms)
			ExecutionOrderSort2 (0ms)
			AwakeInstancesAfterBackupRestoration (8ms)
Platform modules already initialized, skipping
Refreshing native plugins compatible for Editor in 0.50 ms, found 2 plugins.
Preloading 0 native plugins for Editor in 0.00 ms.
Unloading 1600 Unused Serialized files (Serialized files now loaded: 0)
System memory in use before: 82.3 MB.
System memory in use after: 82.0 MB.

Unloading 13 unused Assets to reduce memory usage. Loaded Objects now: 2099.
Total: 4.012200 ms (FindLiveObjects: 0.275400 ms CreateObjectMapping: 0.052600 ms MarkObjects: 3.281700 ms  DeleteObjects: 0.400700 ms)

AssetImportParameters requested are different than current active one (requested -> active):
  custom:framework-win-MediaFoundation: 216162199b28c13a410421893ffa2e32 -> 
  custom:video-decoder-ogg-theora: a1e56fd34408186e4bbccfd4996cb3dc -> 
  custom:container-muxer-webm: aa71ff27fc2769a1b78a27578f13a17b -> 
  custom:container-demuxer-webm: 4f35f7cbe854078d1ac9338744f61a02 -> 
  custom:container-demuxer-ogg: 62fdf1f143b41e24485cea50d1cbac27 -> 
  custom:video-encoder-webm-vp8: eb34c28f22e8b96e1ab97ce403110664 -> 
  custom:video-decoder-webm-vp8: 9c59270c3fd7afecdb556c50c9e8de78 -> 
  custom:audio-decoder-ogg-vorbis: bf7c407c2cedff20999df2af8eb42d56 -> 
  custom:audio-encoder-webm-vorbis: bf7c407c2cedff20999df2af8eb42d56 -> 
========================================================================
Received Import Request.
  Time since last request: 349.380430 seconds.
  path: Assets/Scenes/FPSGame_Profiles/FirstPersonCharacter Profile.asset
  artifactKey: Guid(2a5b4ed280e635f40869ce31adf06223) Importer(815301076,1909f56bfc062723c751e8b465ee728b)
Start importing Assets/Scenes/FPSGame_Profiles/FirstPersonCharacter Profile.asset using Guid(2a5b4ed280e635f40869ce31adf06223) Importer(815301076,1909f56bfc062723c751e8b465ee728b)  -> (artifact id: '76ac729559800c1413039a30c62c0504') in 0.057023 seconds 
  Import took 0.061580 seconds .

========================================================================
Received Prepare
Registering precompiled user dll's ...
Registered in 0.004692 seconds.
Begin MonoManager ReloadAssembly
Native extension for WindowsStandalone target not found
Native extension for WebGL target not found
Refreshing native plugins compatible for Editor in 0.75 ms, found 2 plugins.
Preloading 0 native plugins for Editor in 0.00 ms.
Mono: successfully reloaded assembly
- Completed reload, in  1.363 seconds
Domain Reload Profiling:
	ReloadAssembly (1365ms)
		BeginReloadAssembly (177ms)
			ExecutionOrderSort (0ms)
			DisableScriptedObjects (9ms)
			BackupInstance (0ms)
			ReleaseScriptingObjects (0ms)
			CreateAndSetChildDomain (50ms)
		EndReloadAssembly (1086ms)
			LoadAssemblies (150ms)
			RebuildTransferFunctionScriptingTraits (0ms)
			SetupTypeCache (396ms)
			ReleaseScriptCaches (1ms)
			RebuildScriptCaches (47ms)
			SetupLoadedEditorAssemblies (386ms)
				LogAssemblyErrors (0ms)
				InitializePlatformSupportModulesInManaged (11ms)
				SetLoadedEditorAssemblies (1ms)
				RefreshPlugins (1ms)
				BeforeProcessingInitializeOnLoad (96ms)
				ProcessInitializeOnLoadAttributes (262ms)
				ProcessInitializeOnLoadMethodAttributes (4ms)
				AfterProcessingInitializeOnLoad (11ms)
				EditorAssembliesLoaded (0ms)
			ExecutionOrderSort2 (0ms)
			AwakeInstancesAfterBackupRestoration (8ms)
Platform modules already initialized, skipping
Refreshing native plugins compatible for Editor in 0.50 ms, found 2 plugins.
Preloading 0 native plugins for Editor in 0.00 ms.
Unloading 1600 Unused Serialized files (Serialized files now loaded: 0)
System memory in use before: 82.3 MB.
System memory in use after: 82.0 MB.

Unloading 13 unused Assets to reduce memory usage. Loaded Objects now: 2101.
Total: 4.124900 ms (FindLiveObjects: 0.313200 ms CreateObjectMapping: 0.050700 ms MarkObjects: 3.342800 ms  DeleteObjects: 0.416200 ms)

AssetImportParameters requested are different than current active one (requested -> active):
  custom:framework-win-MediaFoundation: 216162199b28c13a410421893ffa2e32 -> 
  custom:video-decoder-ogg-theora: a1e56fd34408186e4bbccfd4996cb3dc -> 
  custom:container-muxer-webm: aa71ff27fc2769a1b78a27578f13a17b -> 
  custom:container-demuxer-webm: 4f35f7cbe854078d1ac9338744f61a02 -> 
  custom:container-demuxer-ogg: 62fdf1f143b41e24485cea50d1cbac27 -> 
  custom:video-encoder-webm-vp8: eb34c28f22e8b96e1ab97ce403110664 -> 
  custom:video-decoder-webm-vp8: 9c59270c3fd7afecdb556c50c9e8de78 -> 
  custom:audio-decoder-ogg-vorbis: bf7c407c2cedff20999df2af8eb42d56 -> 
  custom:audio-encoder-webm-vorbis: bf7c407c2cedff20999df2af8eb42d56 -> 
========================================================================
Received Prepare
Registering precompiled user dll's ...
Registered in 0.004556 seconds.
Begin MonoManager ReloadAssembly
Native extension for WindowsStandalone target not found
Native extension for WebGL target not found
Refreshing native plugins compatible for Editor in 0.53 ms, found 2 plugins.
Preloading 0 native plugins for Editor in 0.00 ms.
Mono: successfully reloaded assembly
- Completed reload, in  1.299 seconds
Domain Reload Profiling:
	ReloadAssembly (1299ms)
		BeginReloadAssembly (141ms)
			ExecutionOrderSort (0ms)
			DisableScriptedObjects (7ms)
			BackupInstance (0ms)
			ReleaseScriptingObjects (0ms)
			CreateAndSetChildDomain (41ms)
		EndReloadAssembly (1072ms)
			LoadAssemblies (120ms)
			RebuildTransferFunctionScriptingTraits (0ms)
			SetupTypeCache (388ms)
			ReleaseScriptCaches (1ms)
			RebuildScriptCaches (51ms)
			SetupLoadedEditorAssemblies (388ms)
				LogAssemblyErrors (0ms)
				InitializePlatformSupportModulesInManaged (8ms)
				SetLoadedEditorAssemblies (1ms)
				RefreshPlugins (1ms)
				BeforeProcessingInitializeOnLoad (97ms)
				ProcessInitializeOnLoadAttributes (266ms)
				ProcessInitializeOnLoadMethodAttributes (4ms)
				AfterProcessingInitializeOnLoad (12ms)
				EditorAssembliesLoaded (0ms)
			ExecutionOrderSort2 (0ms)
			AwakeInstancesAfterBackupRestoration (10ms)
Platform modules already initialized, skipping
Refreshing native plugins compatible for Editor in 0.58 ms, found 2 plugins.
Preloading 0 native plugins for Editor in 0.00 ms.
Unloading 1600 Unused Serialized files (Serialized files now loaded: 0)
System memory in use before: 82.3 MB.
System memory in use after: 82.0 MB.

Unloading 13 unused Assets to reduce memory usage. Loaded Objects now: 2103.
Total: 3.727900 ms (FindLiveObjects: 0.214500 ms CreateObjectMapping: 0.045300 ms MarkObjects: 3.062700 ms  DeleteObjects: 0.403600 ms)

AssetImportParameters requested are different than current active one (requested -> active):
  custom:framework-win-MediaFoundation: 216162199b28c13a410421893ffa2e32 -> 
  custom:video-decoder-ogg-theora: a1e56fd34408186e4bbccfd4996cb3dc -> 
  custom:container-muxer-webm: aa71ff27fc2769a1b78a27578f13a17b -> 
  custom:container-demuxer-webm: 4f35f7cbe854078d1ac9338744f61a02 -> 
  custom:container-demuxer-ogg: 62fdf1f143b41e24485cea50d1cbac27 -> 
  custom:video-encoder-webm-vp8: eb34c28f22e8b96e1ab97ce403110664 -> 
  custom:video-decoder-webm-vp8: 9c59270c3fd7afecdb556c50c9e8de78 -> 
  custom:audio-decoder-ogg-vorbis: bf7c407c2cedff20999df2af8eb42d56 -> 
  custom:audio-encoder-webm-vorbis: bf7c407c2cedff20999df2af8eb42d56 -> 
========================================================================
Received Import Request.
  Time since last request: 2575.730112 seconds.
  path: Assets/Textures/Door001 1.png
  artifactKey: Guid(65d42e763adbdd446b8cf0e9a8d3aa5c) Importer(815301076,1909f56bfc062723c751e8b465ee728b)
Start importing Assets/Textures/Door001 1.png using Guid(65d42e763adbdd446b8cf0e9a8d3aa5c) Importer(815301076,1909f56bfc062723c751e8b465ee728b)  -> (artifact id: '1f7578d693b929e0c4d7460cd982a1e0') in 0.171201 seconds 
  Import took 0.175371 seconds .

========================================================================
Received Import Request.
  Time since last request: 26.999831 seconds.
  path: Assets/Textures/Door001_N.png
  artifactKey: Guid(65d42e763adbdd446b8cf0e9a8d3aa5c) Importer(815301076,1909f56bfc062723c751e8b465ee728b)
Start importing Assets/Textures/Door001_N.png using Guid(65d42e763adbdd446b8cf0e9a8d3aa5c) Importer(815301076,1909f56bfc062723c751e8b465ee728b)  -> (artifact id: '71e124bee1b09c76cbff68940b4091c8') in 0.029955 seconds 
  Import took 0.033889 seconds .

========================================================================
Received Import Request.
  Time since last request: 25.012913 seconds.
  path: Assets/Textures/Door001_N.png
  artifactKey: Guid(65d42e763adbdd446b8cf0e9a8d3aa5c) Importer(815301076,1909f56bfc062723c751e8b465ee728b)
Start importing Assets/Textures/Door001_N.png using Guid(65d42e763adbdd446b8cf0e9a8d3aa5c) Importer(815301076,1909f56bfc062723c751e8b465ee728b)  -> (artifact id: 'c4a4f973e9402aded726ab3f6bf01b84') in 0.081807 seconds 
  Import took 0.085388 seconds .

========================================================================
Received Import Request.
  Time since last request: 334.280586 seconds.
  path: Assets/Materials/Flash.mat
  artifactKey: Guid(e71832a7f97b7e24c8b343b0090e8af1) Importer(815301076,1909f56bfc062723c751e8b465ee728b)
Start importing Assets/Materials/Flash.mat using Guid(e71832a7f97b7e24c8b343b0090e8af1) Importer(815301076,1909f56bfc062723c751e8b465ee728b)  -> (artifact id: '304d8e66cdc5249ee4afc8050c086ecc') in 0.092294 seconds 
  Import took 0.096976 seconds .

========================================================================
Received Import Request.
  Time since last request: 6.513756 seconds.
  path: Assets/Materials/Door001 1.mat
  artifactKey: Guid(e79a812596cb5db4db877af39dc98866) Importer(815301076,1909f56bfc062723c751e8b465ee728b)
Start importing Assets/Materials/Door001 1.mat using Guid(e79a812596cb5db4db877af39dc98866) Importer(815301076,1909f56bfc062723c751e8b465ee728b)  -> (artifact id: '9c11aec6ad46beced1e5055106471d2f') in 0.053406 seconds 
  Import took 0.058131 seconds .

========================================================================
Received Import Request.
  Time since last request: 0.000272 seconds.
  path: Assets/Materials/Door001.mat
  artifactKey: Guid(0f708277280bd574bb8fd6e0a56dcc78) Importer(815301076,1909f56bfc062723c751e8b465ee728b)
Start importing Assets/Materials/Door001.mat using Guid(0f708277280bd574bb8fd6e0a56dcc78) Importer(815301076,1909f56bfc062723c751e8b465ee728b)  -> (artifact id: '28f50fa31c9febe3bb565ae53e56c003') in 0.034297 seconds 
  Import took 0.038614 seconds .

========================================================================
Received Import Request.
  Time since last request: 392.849667 seconds.
  path: Assets/Materials
  artifactKey: Guid(f6d43075bdfdda440b523ecd951def6e) Importer(815301076,1909f56bfc062723c751e8b465ee728b)
Start importing Assets/Materials using Guid(f6d43075bdfdda440b523ecd951def6e) Importer(815301076,1909f56bfc062723c751e8b465ee728b)  -> (artifact id: '8383927856966000fc70b5ae0dbbd4c5') in 0.018611 seconds 
  Import took 0.022603 seconds .

========================================================================
Received Import Request.
  Time since last request: 7.593443 seconds.
  path: Assets/Materials/New Material.mat
  artifactKey: Guid(33044547389a94b4dae6ab4f6c88af8f) Importer(815301076,1909f56bfc062723c751e8b465ee728b)
Start importing Assets/Materials/New Material.mat using Guid(33044547389a94b4dae6ab4f6c88af8f) Importer(815301076,1909f56bfc062723c751e8b465ee728b)  -> (artifact id: '31b597b7c262d41d6a63d26ac267a570') in 0.032375 seconds 
  Import took 0.036616 seconds .

========================================================================
Received Import Request.
  Time since last request: 26.437949 seconds.
  path: Assets/Materials/BlackMat.mat
  artifactKey: Guid(33044547389a94b4dae6ab4f6c88af8f) Importer(815301076,1909f56bfc062723c751e8b465ee728b)
Start importing Assets/Materials/BlackMat.mat using Guid(33044547389a94b4dae6ab4f6c88af8f) Importer(815301076,1909f56bfc062723c751e8b465ee728b)  -> (artifact id: 'd51387d917d5259c6d1c90c9abb35368') in 0.031237 seconds 
  Import took 0.034672 seconds .

========================================================================
Received Import Request.
  Time since last request: 617.010745 seconds.
  path: Assets/Animation/New Folder
  artifactKey: Guid(25e637ee0eeb2fc4691736694de6d997) Importer(815301076,1909f56bfc062723c751e8b465ee728b)
Start importing Assets/Animation/New Folder using Guid(25e637ee0eeb2fc4691736694de6d997) Importer(815301076,1909f56bfc062723c751e8b465ee728b)  -> (artifact id: '8ed044ea0934d471d82dee6710d287ca') in 0.031207 seconds 
  Import took 0.037063 seconds .

========================================================================
Received Import Request.
  Time since last request: 7.104776 seconds.
  path: Assets/Animation/Environment
  artifactKey: Guid(25e637ee0eeb2fc4691736694de6d997) Importer(815301076,1909f56bfc062723c751e8b465ee728b)
Start importing Assets/Animation/Environment using Guid(25e637ee0eeb2fc4691736694de6d997) Importer(815301076,1909f56bfc062723c751e8b465ee728b)  -> (artifact id: '0ff4d45d31006ebed7eb4fb052f8d9c2') in 0.019174 seconds 
  Import took 0.023529 seconds .

========================================================================
Received Import Request.
  Time since last request: 35.428300 seconds.
  path: Assets/Animation/Environment/MetalDoors
  artifactKey: Guid(b123117ad25c9654c93aa685d61b012d) Importer(815301076,1909f56bfc062723c751e8b465ee728b)
Start importing Assets/Animation/Environment/MetalDoors using Guid(b123117ad25c9654c93aa685d61b012d) Importer(815301076,1909f56bfc062723c751e8b465ee728b)  -> (artifact id: '98f07834f3b90ab96432c7c5670c16fd') in 0.018766 seconds 
  Import took 0.022896 seconds .

========================================================================
Received Prepare
Registering precompiled user dll's ...
Registered in 0.004667 seconds.
Begin MonoManager ReloadAssembly
Native extension for WindowsStandalone target not found
Native extension for WebGL target not found
Refreshing native plugins compatible for Editor in 0.54 ms, found 2 plugins.
Preloading 0 native plugins for Editor in 0.00 ms.
Mono: successfully reloaded assembly
- Completed reload, in  1.329 seconds
Domain Reload Profiling:
	ReloadAssembly (1330ms)
		BeginReloadAssembly (170ms)
			ExecutionOrderSort (0ms)
			DisableScriptedObjects (8ms)
			BackupInstance (0ms)
			ReleaseScriptingObjects (0ms)
			CreateAndSetChildDomain (59ms)
		EndReloadAssembly (1066ms)
			LoadAssemblies (129ms)
			RebuildTransferFunctionScriptingTraits (0ms)
			SetupTypeCache (379ms)
			ReleaseScriptCaches (1ms)
			RebuildScriptCaches (47ms)
			SetupLoadedEditorAssemblies (393ms)
				LogAssemblyErrors (0ms)
				InitializePlatformSupportModulesInManaged (8ms)
				SetLoadedEditorAssemblies (1ms)
				RefreshPlugins (1ms)
				BeforeProcessingInitializeOnLoad (98ms)
				ProcessInitializeOnLoadAttributes (270ms)
				ProcessInitializeOnLoadMethodAttributes (6ms)
				AfterProcessingInitializeOnLoad (11ms)
				EditorAssembliesLoaded (0ms)
			ExecutionOrderSort2 (0ms)
			AwakeInstancesAfterBackupRestoration (10ms)
Platform modules already initialized, skipping
Refreshing native plugins compatible for Editor in 0.60 ms, found 2 plugins.
Preloading 0 native plugins for Editor in 0.00 ms.
Unloading 1600 Unused Serialized files (Serialized files now loaded: 0)
System memory in use before: 85.7 MB.
System memory in use after: 85.4 MB.

Unloading 13 unused Assets to reduce memory usage. Loaded Objects now: 2149.
Total: 4.240600 ms (FindLiveObjects: 0.219000 ms CreateObjectMapping: 0.044200 ms MarkObjects: 3.600600 ms  DeleteObjects: 0.374600 ms)

AssetImportParameters requested are different than current active one (requested -> active):
  custom:framework-win-MediaFoundation: 216162199b28c13a410421893ffa2e32 -> 
  custom:video-decoder-ogg-theora: a1e56fd34408186e4bbccfd4996cb3dc -> 
  custom:container-muxer-webm: aa71ff27fc2769a1b78a27578f13a17b -> 
  custom:container-demuxer-webm: 4f35f7cbe854078d1ac9338744f61a02 -> 
  custom:container-demuxer-ogg: 62fdf1f143b41e24485cea50d1cbac27 -> 
  custom:video-encoder-webm-vp8: eb34c28f22e8b96e1ab97ce403110664 -> 
  custom:video-decoder-webm-vp8: 9c59270c3fd7afecdb556c50c9e8de78 -> 
  custom:audio-decoder-ogg-vorbis: bf7c407c2cedff20999df2af8eb42d56 -> 
  custom:audio-encoder-webm-vorbis: bf7c407c2cedff20999df2af8eb42d56 -> 
========================================================================
Received Import Request.
  Time since last request: 283.689102 seconds.
  path: Assets/Textures/BrickWall001 1.png
  artifactKey: Guid(d3fac56b02d9fb34e98f8f2da4ab5d98) Importer(815301076,1909f56bfc062723c751e8b465ee728b)
Start importing Assets/Textures/BrickWall001 1.png using Guid(d3fac56b02d9fb34e98f8f2da4ab5d98) Importer(815301076,1909f56bfc062723c751e8b465ee728b)  -> (artifact id: 'ef6a9f0ce27104a3011abf2f504c78f4') in 0.078624 seconds 
  Import took 0.082316 seconds .

========================================================================
Received Import Request.
  Time since last request: 10.872900 seconds.
  path: Assets/Textures/BrickWall001_N.png
  artifactKey: Guid(d3fac56b02d9fb34e98f8f2da4ab5d98) Importer(815301076,1909f56bfc062723c751e8b465ee728b)
Start importing Assets/Textures/BrickWall001_N.png using Guid(d3fac56b02d9fb34e98f8f2da4ab5d98) Importer(815301076,1909f56bfc062723c751e8b465ee728b)  -> (artifact id: '859948fc85d27c0cc3d5d48e95731387') in 0.030775 seconds 
  Import took 0.035740 seconds .

========================================================================
Received Import Request.
  Time since last request: 26.131937 seconds.
  path: Assets/Textures/BrickWall001_N.png
  artifactKey: Guid(d3fac56b02d9fb34e98f8f2da4ab5d98) Importer(815301076,1909f56bfc062723c751e8b465ee728b)
Start importing Assets/Textures/BrickWall001_N.png using Guid(d3fac56b02d9fb34e98f8f2da4ab5d98) Importer(815301076,1909f56bfc062723c751e8b465ee728b)  -> (artifact id: '6ab21ccfe28a8fea9a3585ef29295704') in 0.037935 seconds 
  Import took 0.044382 seconds .

========================================================================
Received Prepare
Registering precompiled user dll's ...
Registered in 0.004701 seconds.
Begin MonoManager ReloadAssembly
Native extension for WindowsStandalone target not found
Native extension for WebGL target not found
Refreshing native plugins compatible for Editor in 0.57 ms, found 2 plugins.
Preloading 0 native plugins for Editor in 0.00 ms.
Mono: successfully reloaded assembly
- Completed reload, in  1.417 seconds
Domain Reload Profiling:
	ReloadAssembly (1418ms)
		BeginReloadAssembly (167ms)
			ExecutionOrderSort (0ms)
			DisableScriptedObjects (6ms)
			BackupInstance (0ms)
			ReleaseScriptingObjects (0ms)
			CreateAndSetChildDomain (46ms)
		EndReloadAssembly (1158ms)
			LoadAssemblies (134ms)
			RebuildTransferFunctionScriptingTraits (0ms)
			SetupTypeCache (446ms)
			ReleaseScriptCaches (1ms)
			RebuildScriptCaches (51ms)
			SetupLoadedEditorAssemblies (399ms)
				LogAssemblyErrors (0ms)
				InitializePlatformSupportModulesInManaged (9ms)
				SetLoadedEditorAssemblies (1ms)
				RefreshPlugins (1ms)
				BeforeProcessingInitializeOnLoad (108ms)
				ProcessInitializeOnLoadAttributes (265ms)
				ProcessInitializeOnLoadMethodAttributes (4ms)
				AfterProcessingInitializeOnLoad (11ms)
				EditorAssembliesLoaded (0ms)
			ExecutionOrderSort2 (0ms)
			AwakeInstancesAfterBackupRestoration (8ms)
Platform modules already initialized, skipping
Refreshing native plugins compatible for Editor in 0.59 ms, found 2 plugins.
Preloading 0 native plugins for Editor in 0.00 ms.
Unloading 1600 Unused Serialized files (Serialized files now loaded: 0)
System memory in use before: 85.7 MB.
System memory in use after: 85.4 MB.

Unloading 13 unused Assets to reduce memory usage. Loaded Objects now: 2152.
Total: 5.105400 ms (FindLiveObjects: 0.379000 ms CreateObjectMapping: 0.093400 ms MarkObjects: 4.117500 ms  DeleteObjects: 0.512800 ms)

AssetImportParameters requested are different than current active one (requested -> active):
  custom:framework-win-MediaFoundation: 216162199b28c13a410421893ffa2e32 -> 
  custom:video-decoder-ogg-theora: a1e56fd34408186e4bbccfd4996cb3dc -> 
  custom:container-muxer-webm: aa71ff27fc2769a1b78a27578f13a17b -> 
  custom:container-demuxer-webm: 4f35f7cbe854078d1ac9338744f61a02 -> 
  custom:container-demuxer-ogg: 62fdf1f143b41e24485cea50d1cbac27 -> 
  custom:video-encoder-webm-vp8: eb34c28f22e8b96e1ab97ce403110664 -> 
  custom:video-decoder-webm-vp8: 9c59270c3fd7afecdb556c50c9e8de78 -> 
  custom:audio-decoder-ogg-vorbis: bf7c407c2cedff20999df2af8eb42d56 -> 
  custom:audio-encoder-webm-vorbis: bf7c407c2cedff20999df2af8eb42d56 -> 
========================================================================
Received Prepare
Registering precompiled user dll's ...
Registered in 0.005917 seconds.
Begin MonoManager ReloadAssembly
Native extension for WindowsStandalone target not found
Native extension for WebGL target not found
Refreshing native plugins compatible for Editor in 0.53 ms, found 2 plugins.
Preloading 0 native plugins for Editor in 0.00 ms.
Mono: successfully reloaded assembly
- Completed reload, in  1.994 seconds
Domain Reload Profiling:
	ReloadAssembly (1995ms)
		BeginReloadAssembly (327ms)
			ExecutionOrderSort (0ms)
			DisableScriptedObjects (12ms)
			BackupInstance (0ms)
			ReleaseScriptingObjects (0ms)
			CreateAndSetChildDomain (128ms)
		EndReloadAssembly (1539ms)
			LoadAssemblies (217ms)
			RebuildTransferFunctionScriptingTraits (0ms)
			SetupTypeCache (690ms)
			ReleaseScriptCaches (1ms)
			RebuildScriptCaches (112ms)
			SetupLoadedEditorAssemblies (445ms)
				LogAssemblyErrors (0ms)
				InitializePlatformSupportModulesInManaged (10ms)
				SetLoadedEditorAssemblies (1ms)
				RefreshPlugins (1ms)
				BeforeProcessingInitializeOnLoad (108ms)
				ProcessInitializeOnLoadAttributes (306ms)
				ProcessInitializeOnLoadMethodAttributes (5ms)
				AfterProcessingInitializeOnLoad (14ms)
				EditorAssembliesLoaded (1ms)
			ExecutionOrderSort2 (0ms)
			AwakeInstancesAfterBackupRestoration (11ms)
Platform modules already initialized, skipping
Refreshing native plugins compatible for Editor in 0.51 ms, found 2 plugins.
Preloading 0 native plugins for Editor in 0.00 ms.
Unloading 1600 Unused Serialized files (Serialized files now loaded: 0)
System memory in use before: 85.7 MB.
System memory in use after: 85.4 MB.

Unloading 13 unused Assets to reduce memory usage. Loaded Objects now: 2154.
Total: 3.972300 ms (FindLiveObjects: 0.228800 ms CreateObjectMapping: 0.051400 ms MarkObjects: 3.278300 ms  DeleteObjects: 0.411800 ms)

AssetImportParameters requested are different than current active one (requested -> active):
  custom:framework-win-MediaFoundation: 216162199b28c13a410421893ffa2e32 -> 
  custom:video-decoder-ogg-theora: a1e56fd34408186e4bbccfd4996cb3dc -> 
  custom:container-muxer-webm: aa71ff27fc2769a1b78a27578f13a17b -> 
  custom:container-demuxer-webm: 4f35f7cbe854078d1ac9338744f61a02 -> 
  custom:container-demuxer-ogg: 62fdf1f143b41e24485cea50d1cbac27 -> 
  custom:video-encoder-webm-vp8: eb34c28f22e8b96e1ab97ce403110664 -> 
  custom:video-decoder-webm-vp8: 9c59270c3fd7afecdb556c50c9e8de78 -> 
  custom:audio-decoder-ogg-vorbis: bf7c407c2cedff20999df2af8eb42d56 -> 
  custom:audio-encoder-webm-vorbis: bf7c407c2cedff20999df2af8eb42d56 -> 
========================================================================
Received Prepare
Refreshing native plugins compatible for Editor in 8.41 ms, found 2 plugins.
Preloading 0 native plugins for Editor in 0.00 ms.
Unloading 11 Unused Serialized files (Serialized files now loaded: 0)
System memory in use before: 54.3 MB.
System memory in use after: 54.0 MB.

Unloading 11 unused Assets to reduce memory usage. Loaded Objects now: 2154.
Total: 5.933800 ms (FindLiveObjects: 0.325800 ms CreateObjectMapping: 0.087600 ms MarkObjects: 4.906400 ms  DeleteObjects: 0.611700 ms)

AssetImportParameters requested are different than current active one (requested -> active):
  custom:framework-win-MediaFoundation: 216162199b28c13a410421893ffa2e32 -> 
  custom:video-decoder-ogg-theora: a1e56fd34408186e4bbccfd4996cb3dc -> 
  custom:container-muxer-webm: aa71ff27fc2769a1b78a27578f13a17b -> 
  custom:container-demuxer-webm: 4f35f7cbe854078d1ac9338744f61a02 -> 
  custom:container-demuxer-ogg: 62fdf1f143b41e24485cea50d1cbac27 -> 
  custom:video-encoder-webm-vp8: eb34c28f22e8b96e1ab97ce403110664 -> 
  custom:video-decoder-webm-vp8: 9c59270c3fd7afecdb556c50c9e8de78 -> 
  custom:audio-decoder-ogg-vorbis: bf7c407c2cedff20999df2af8eb42d56 -> 
  custom:audio-encoder-webm-vorbis: bf7c407c2cedff20999df2af8eb42d56 -> 
AssetImportWorkerClient::OnTransportError - code=2 error=End of file
